{
"/home/abhishek/Workspace/TheToDoProject/ToDoAPI/index.js":{"path":"/home/abhishek/Workspace/TheToDoProject/ToDoAPI/index.js","s":{"1":1,"2":1,"3":1,"4":1,"5":1,"6":1,"7":1,"8":1,"9":1,"10":1,"11":1,"12":0,"13":1,"14":1,"15":1,"16":1,"17":1,"18":1,"19":1,"20":1,"21":1,"22":1,"23":1},"b":{"1":[1,1],"2":[1,1]},"f":{"1":0,"2":1},"fnMap":{"1":{"name":"(anonymous_1)","line":21,"loc":{"start":{"line":21,"column":32},"end":{"line":21,"column":43}}},"2":{"name":"(anonymous_2)","line":25,"loc":{"start":{"line":25,"column":33},"end":{"line":25,"column":44}}}},"statementMap":{"1":{"start":{"line":4,"column":0},"end":{"line":4,"column":33}},"2":{"start":{"line":5,"column":0},"end":{"line":5,"column":35}},"3":{"start":{"line":6,"column":0},"end":{"line":6,"column":41}},"4":{"start":{"line":7,"column":0},"end":{"line":7,"column":40}},"5":{"start":{"line":8,"column":0},"end":{"line":8,"column":31}},"6":{"start":{"line":9,"column":0},"end":{"line":9,"column":39}},"7":{"start":{"line":12,"column":0},"end":{"line":12,"column":33}},"8":{"start":{"line":15,"column":0},"end":{"line":15,"column":60}},"9":{"start":{"line":16,"column":0},"end":{"line":16,"column":62}},"10":{"start":{"line":19,"column":0},"end":{"line":19,"column":30}},"11":{"start":{"line":21,"column":0},"end":{"line":23,"column":3}},"12":{"start":{"line":22,"column":2},"end":{"line":22,"column":31}},"13":{"start":{"line":25,"column":0},"end":{"line":27,"column":3}},"14":{"start":{"line":26,"column":2},"end":{"line":26,"column":43}},"15":{"start":{"line":29,"column":0},"end":{"line":29,"column":20}},"16":{"start":{"line":32,"column":0},"end":{"line":32,"column":23}},"17":{"start":{"line":35,"column":0},"end":{"line":35,"column":27}},"18":{"start":{"line":36,"column":0},"end":{"line":36,"column":51}},"19":{"start":{"line":39,"column":0},"end":{"line":39,"column":23}},"20":{"start":{"line":42,"column":0},"end":{"line":42,"column":21}},"21":{"start":{"line":43,"column":0},"end":{"line":43,"column":22}},"22":{"start":{"line":45,"column":0},"end":{"line":45,"column":34}},"23":{"start":{"line":51,"column":0},"end":{"line":51,"column":21}}},"branchMap":{"1":{"line":15,"type":"binary-expr","locations":[{"start":{"line":15,"column":18},"end":{"line":15,"column":51}},{"start":{"line":15,"column":55},"end":{"line":15,"column":59}}]},"2":{"line":16,"type":"binary-expr","locations":[{"start":{"line":16,"column":18},"end":{"line":16,"column":41}},{"start":{"line":16,"column":45},"end":{"line":16,"column":61}}]}},"l":{"4":1,"5":1,"6":1,"7":1,"8":1,"9":1,"12":1,"15":1,"16":1,"19":1,"21":1,"22":0,"25":1,"26":1,"29":1,"32":1,"35":1,"36":1,"39":1,"42":1,"43":1,"45":1,"51":1}},
"/home/abhishek/Workspace/TheToDoProject/ToDoAPI/routes/index.js":{"path":"/home/abhishek/Workspace/TheToDoProject/ToDoAPI/routes/index.js","s":{"1":1,"2":1,"3":1,"4":1,"5":1,"6":1,"7":1,"8":1,"9":1},"b":{},"f":{"1":1},"fnMap":{"1":{"name":"(anonymous_1)","line":9,"loc":{"start":{"line":9,"column":16},"end":{"line":9,"column":35}}}},"statementMap":{"1":{"start":{"line":3,"column":0},"end":{"line":3,"column":33}},"2":{"start":{"line":4,"column":0},"end":{"line":4,"column":39}},"3":{"start":{"line":5,"column":0},"end":{"line":5,"column":39}},"4":{"start":{"line":7,"column":0},"end":{"line":7,"column":30}},"5":{"start":{"line":9,"column":0},"end":{"line":13,"column":3}},"6":{"start":{"line":10,"column":2},"end":{"line":12,"column":5}},"7":{"start":{"line":15,"column":0},"end":{"line":15,"column":36}},"8":{"start":{"line":16,"column":0},"end":{"line":16,"column":36}},"9":{"start":{"line":18,"column":0},"end":{"line":18,"column":24}}},"branchMap":{},"l":{"3":1,"4":1,"5":1,"7":1,"9":1,"10":1,"15":1,"16":1,"18":1}},
"/home/abhishek/Workspace/TheToDoProject/ToDoAPI/routes/lists.js":{"path":"/home/abhishek/Workspace/TheToDoProject/ToDoAPI/routes/lists.js","s":{"1":1,"2":1,"3":1,"4":1,"5":1,"6":2,"7":2,"8":2,"9":0,"10":2,"11":1,"12":3,"13":3,"14":1,"15":2,"16":2,"17":2,"18":2,"19":2,"20":0,"21":2,"22":1,"23":4,"24":4,"25":4,"26":4,"27":1,"28":3,"29":1,"30":2,"31":2,"32":1,"33":3,"34":3,"35":1,"36":2,"37":2,"38":2,"39":2,"40":1,"41":1,"42":1,"43":1,"44":0,"45":1,"46":1},"b":{"1":[0,2],"2":[1,2],"3":[0,2],"4":[1,3],"5":[4,4],"6":[1,2],"7":[1,2],"8":[1,1],"9":[2,1],"10":[0,1]},"f":{"1":2,"2":2,"3":3,"4":2,"5":4,"6":4,"7":2,"8":3,"9":2,"10":1},"fnMap":{"1":{"name":"(anonymous_1)","line":11,"loc":{"start":{"line":11,"column":16},"end":{"line":11,"column":35}}},"2":{"name":"(anonymous_2)","line":15,"loc":{"start":{"line":15,"column":16},"end":{"line":15,"column":37}}},"3":{"name":"(anonymous_3)","line":23,"loc":{"start":{"line":23,"column":17},"end":{"line":23,"column":36}}},"4":{"name":"(anonymous_4)","line":37,"loc":{"start":{"line":37,"column":15},"end":{"line":37,"column":32}}},"5":{"name":"(anonymous_5)","line":46,"loc":{"start":{"line":46,"column":26},"end":{"line":46,"column":45}}},"6":{"name":"(anonymous_6)","line":53,"loc":{"start":{"line":53,"column":24},"end":{"line":53,"column":41}}},"7":{"name":"(anonymous_7)","line":62,"loc":{"start":{"line":62,"column":13},"end":{"line":62,"column":27}}},"8":{"name":"(anonymous_8)","line":68,"loc":{"start":{"line":68,"column":23},"end":{"line":68,"column":42}}},"9":{"name":"(anonymous_9)","line":81,"loc":{"start":{"line":81,"column":24},"end":{"line":81,"column":44}}},"10":{"name":"(anonymous_10)","line":90,"loc":{"start":{"line":90,"column":14},"end":{"line":90,"column":31}}}},"statementMap":{"1":{"start":{"line":3,"column":0},"end":{"line":3,"column":33}},"2":{"start":{"line":4,"column":0},"end":{"line":4,"column":47}},"3":{"start":{"line":7,"column":0},"end":{"line":7,"column":37}},"4":{"start":{"line":9,"column":0},"end":{"line":9,"column":30}},"5":{"start":{"line":11,"column":0},"end":{"line":21,"column":3}},"6":{"start":{"line":12,"column":2},"end":{"line":12,"column":21}},"7":{"start":{"line":15,"column":2},"end":{"line":20,"column":5}},"8":{"start":{"line":16,"column":4},"end":{"line":18,"column":5}},"9":{"start":{"line":17,"column":6},"end":{"line":17,"column":71}},"10":{"start":{"line":19,"column":4},"end":{"line":19,"column":20}},"11":{"start":{"line":23,"column":0},"end":{"line":44,"column":3}},"12":{"start":{"line":24,"column":2},"end":{"line":24,"column":47}},"13":{"start":{"line":27,"column":2},"end":{"line":29,"column":3}},"14":{"start":{"line":28,"column":4},"end":{"line":28,"column":79}},"15":{"start":{"line":30,"column":2},"end":{"line":30,"column":27}},"16":{"start":{"line":33,"column":2},"end":{"line":33,"column":27}},"17":{"start":{"line":34,"column":2},"end":{"line":34,"column":22}},"18":{"start":{"line":37,"column":2},"end":{"line":43,"column":5}},"19":{"start":{"line":38,"column":4},"end":{"line":40,"column":5}},"20":{"start":{"line":39,"column":6},"end":{"line":39,"column":55}},"21":{"start":{"line":42,"column":4},"end":{"line":42,"column":16}},"22":{"start":{"line":46,"column":0},"end":{"line":66,"column":3}},"23":{"start":{"line":47,"column":2},"end":{"line":47,"column":43}},"24":{"start":{"line":50,"column":2},"end":{"line":50,"column":33}},"25":{"start":{"line":53,"column":2},"end":{"line":65,"column":5}},"26":{"start":{"line":54,"column":4},"end":{"line":56,"column":5}},"27":{"start":{"line":55,"column":6},"end":{"line":55,"column":62}},"28":{"start":{"line":58,"column":4},"end":{"line":60,"column":5}},"29":{"start":{"line":59,"column":6},"end":{"line":59,"column":77}},"30":{"start":{"line":62,"column":4},"end":{"line":64,"column":7}},"31":{"start":{"line":63,"column":6},"end":{"line":63,"column":52}},"32":{"start":{"line":68,"column":0},"end":{"line":98,"column":3}},"33":{"start":{"line":69,"column":2},"end":{"line":69,"column":43}},"34":{"start":{"line":72,"column":2},"end":{"line":74,"column":3}},"35":{"start":{"line":73,"column":4},"end":{"line":73,"column":66}},"36":{"start":{"line":75,"column":2},"end":{"line":75,"column":27}},"37":{"start":{"line":78,"column":2},"end":{"line":78,"column":33}},"38":{"start":{"line":81,"column":2},"end":{"line":97,"column":5}},"39":{"start":{"line":82,"column":4},"end":{"line":84,"column":5}},"40":{"start":{"line":83,"column":6},"end":{"line":83,"column":63}},"41":{"start":{"line":87,"column":4},"end":{"line":87,"column":21}},"42":{"start":{"line":90,"column":4},"end":{"line":96,"column":7}},"43":{"start":{"line":91,"column":6},"end":{"line":93,"column":7}},"44":{"start":{"line":92,"column":8},"end":{"line":92,"column":60}},"45":{"start":{"line":95,"column":6},"end":{"line":95,"column":18}},"46":{"start":{"line":100,"column":0},"end":{"line":100,"column":24}}},"branchMap":{"1":{"line":16,"type":"if","locations":[{"start":{"line":16,"column":4},"end":{"line":16,"column":4}},{"start":{"line":16,"column":4},"end":{"line":16,"column":4}}]},"2":{"line":27,"type":"if","locations":[{"start":{"line":27,"column":2},"end":{"line":27,"column":2}},{"start":{"line":27,"column":2},"end":{"line":27,"column":2}}]},"3":{"line":38,"type":"if","locations":[{"start":{"line":38,"column":4},"end":{"line":38,"column":4}},{"start":{"line":38,"column":4},"end":{"line":38,"column":4}}]},"4":{"line":54,"type":"if","locations":[{"start":{"line":54,"column":4},"end":{"line":54,"column":4}},{"start":{"line":54,"column":4},"end":{"line":54,"column":4}}]},"5":{"line":54,"type":"binary-expr","locations":[{"start":{"line":54,"column":7},"end":{"line":54,"column":10}},{"start":{"line":54,"column":14},"end":{"line":54,"column":16}}]},"6":{"line":58,"type":"if","locations":[{"start":{"line":58,"column":4},"end":{"line":58,"column":4}},{"start":{"line":58,"column":4},"end":{"line":58,"column":4}}]},"7":{"line":72,"type":"if","locations":[{"start":{"line":72,"column":2},"end":{"line":72,"column":2}},{"start":{"line":72,"column":2},"end":{"line":72,"column":2}}]},"8":{"line":82,"type":"if","locations":[{"start":{"line":82,"column":4},"end":{"line":82,"column":4}},{"start":{"line":82,"column":4},"end":{"line":82,"column":4}}]},"9":{"line":82,"type":"binary-expr","locations":[{"start":{"line":82,"column":7},"end":{"line":82,"column":10}},{"start":{"line":82,"column":14},"end":{"line":82,"column":19}}]},"10":{"line":91,"type":"if","locations":[{"start":{"line":91,"column":6},"end":{"line":91,"column":6}},{"start":{"line":91,"column":6},"end":{"line":91,"column":6}}]}},"l":{"3":1,"4":1,"7":1,"9":1,"11":1,"12":2,"15":2,"16":2,"17":0,"19":2,"23":1,"24":3,"27":3,"28":1,"30":2,"33":2,"34":2,"37":2,"38":2,"39":0,"42":2,"46":1,"47":4,"50":4,"53":4,"54":4,"55":1,"58":3,"59":1,"62":2,"63":2,"68":1,"69":3,"72":3,"73":1,"75":2,"78":2,"81":2,"82":2,"83":1,"87":1,"90":1,"91":1,"92":0,"95":1,"100":1}},
"/home/abhishek/Workspace/TheToDoProject/ToDoAPI/models/List.js":{"path":"/home/abhishek/Workspace/TheToDoProject/ToDoAPI/models/List.js","s":{"1":1,"2":1,"3":1,"4":1},"b":{},"f":{},"fnMap":{},"statementMap":{"1":{"start":{"line":4,"column":0},"end":{"line":4,"column":35}},"2":{"start":{"line":5,"column":0},"end":{"line":5,"column":29}},"3":{"start":{"line":7,"column":0},"end":{"line":14,"column":3}},"4":{"start":{"line":16,"column":0},"end":{"line":16,"column":52}}},"branchMap":{},"l":{"4":1,"5":1,"7":1,"16":1}},
"/home/abhishek/Workspace/TheToDoProject/ToDoAPI/routes/items.js":{"path":"/home/abhishek/Workspace/TheToDoProject/ToDoAPI/routes/items.js","s":{"1":1,"2":1,"3":1,"4":1,"5":1,"6":1,"7":2,"8":2,"9":2,"10":2,"11":1,"12":1,"13":1,"14":3,"15":3,"16":3,"17":3,"18":1,"19":2,"20":2,"21":1,"22":1,"23":1,"24":1,"25":1,"26":1,"27":0,"28":1,"29":1,"30":0,"31":1,"32":1,"33":3,"34":3,"35":3,"36":3,"37":1,"38":2,"39":2,"40":2,"41":1,"42":1,"43":1,"44":0,"45":1,"46":1,"47":4,"48":4,"49":4,"50":4,"51":1,"52":3,"53":3,"54":1,"55":2,"56":2,"57":2,"58":1,"59":1,"60":1,"61":1,"62":0,"63":1,"64":1},"b":{"1":[1,1],"2":[2,1],"3":[1,2],"4":[1,1],"5":[2,1],"6":[0,1],"7":[1,1],"8":[0,1],"9":[1,2],"10":[3,2],"11":[1,1],"12":[2,1],"13":[0,1],"14":[1,3],"15":[4,3],"16":[1,2],"17":[1,1],"18":[2,1],"19":[0,1]},"f":{"1":2,"2":2,"3":3,"4":2,"5":1,"6":1,"7":3,"8":3,"9":2,"10":1,"11":4,"12":4,"13":2,"14":1},"fnMap":{"1":{"name":"(anonymous_1)","line":13,"loc":{"start":{"line":13,"column":29},"end":{"line":13,"column":48}}},"2":{"name":"(anonymous_2)","line":23,"loc":{"start":{"line":23,"column":11},"end":{"line":23,"column":31}}},"3":{"name":"(anonymous_3)","line":33,"loc":{"start":{"line":33,"column":30},"end":{"line":33,"column":49}}},"4":{"name":"(anonymous_4)","line":45,"loc":{"start":{"line":45,"column":24},"end":{"line":45,"column":44}}},"5":{"name":"(anonymous_5)","line":55,"loc":{"start":{"line":55,"column":17},"end":{"line":55,"column":35}}},"6":{"name":"(anonymous_6)","line":60,"loc":{"start":{"line":60,"column":64},"end":{"line":60,"column":78}}},"7":{"name":"(anonymous_7)","line":72,"loc":{"start":{"line":72,"column":40},"end":{"line":72,"column":59}}},"8":{"name":"(anonymous_8)","line":77,"loc":{"start":{"line":77,"column":24},"end":{"line":77,"column":44}}},"9":{"name":"(anonymous_9)","line":84,"loc":{"start":{"line":84,"column":35},"end":{"line":84,"column":53}}},"10":{"name":"(anonymous_10)","line":89,"loc":{"start":{"line":89,"column":64},"end":{"line":89,"column":78}}},"11":{"name":"(anonymous_11)","line":100,"loc":{"start":{"line":100,"column":37},"end":{"line":100,"column":56}}},"12":{"name":"(anonymous_12)","line":104,"loc":{"start":{"line":104,"column":24},"end":{"line":104,"column":41}}},"13":{"name":"(anonymous_13)","line":115,"loc":{"start":{"line":115,"column":26},"end":{"line":115,"column":46}}},"14":{"name":"(anonymous_14)","line":121,"loc":{"start":{"line":121,"column":16},"end":{"line":121,"column":34}}}},"statementMap":{"1":{"start":{"line":3,"column":0},"end":{"line":3,"column":33}},"2":{"start":{"line":4,"column":0},"end":{"line":4,"column":47}},"3":{"start":{"line":7,"column":0},"end":{"line":7,"column":37}},"4":{"start":{"line":9,"column":0},"end":{"line":9,"column":37}},"5":{"start":{"line":11,"column":0},"end":{"line":11,"column":30}},"6":{"start":{"line":13,"column":0},"end":{"line":31,"column":3}},"7":{"start":{"line":14,"column":2},"end":{"line":14,"column":50}},"8":{"start":{"line":17,"column":2},"end":{"line":17,"column":33}},"9":{"start":{"line":20,"column":2},"end":{"line":30,"column":7}},"10":{"start":{"line":24,"column":6},"end":{"line":26,"column":7}},"11":{"start":{"line":25,"column":8},"end":{"line":25,"column":65}},"12":{"start":{"line":29,"column":6},"end":{"line":29,"column":27}},"13":{"start":{"line":33,"column":0},"end":{"line":70,"column":3}},"14":{"start":{"line":34,"column":2},"end":{"line":34,"column":49}},"15":{"start":{"line":37,"column":2},"end":{"line":37,"column":33}},"16":{"start":{"line":40,"column":2},"end":{"line":40,"column":48}},"17":{"start":{"line":41,"column":2},"end":{"line":43,"column":3}},"18":{"start":{"line":42,"column":4},"end":{"line":42,"column":69}},"19":{"start":{"line":45,"column":2},"end":{"line":69,"column":5}},"20":{"start":{"line":46,"column":4},"end":{"line":48,"column":5}},"21":{"start":{"line":47,"column":6},"end":{"line":47,"column":63}},"22":{"start":{"line":51,"column":4},"end":{"line":51,"column":29}},"23":{"start":{"line":52,"column":4},"end":{"line":52,"column":45}},"24":{"start":{"line":53,"column":4},"end":{"line":53,"column":35}},"25":{"start":{"line":55,"column":4},"end":{"line":67,"column":7}},"26":{"start":{"line":56,"column":6},"end":{"line":58,"column":7}},"27":{"start":{"line":57,"column":8},"end":{"line":57,"column":69}},"28":{"start":{"line":60,"column":6},"end":{"line":66,"column":9}},"29":{"start":{"line":61,"column":8},"end":{"line":63,"column":9}},"30":{"start":{"line":62,"column":10},"end":{"line":62,"column":71}},"31":{"start":{"line":65,"column":8},"end":{"line":65,"column":21}},"32":{"start":{"line":72,"column":0},"end":{"line":98,"column":3}},"33":{"start":{"line":73,"column":2},"end":{"line":73,"column":33}},"34":{"start":{"line":76,"column":2},"end":{"line":76,"column":33}},"35":{"start":{"line":77,"column":2},"end":{"line":97,"column":5}},"36":{"start":{"line":78,"column":4},"end":{"line":80,"column":5}},"37":{"start":{"line":79,"column":6},"end":{"line":79,"column":63}},"38":{"start":{"line":83,"column":4},"end":{"line":83,"column":35}},"39":{"start":{"line":84,"column":4},"end":{"line":96,"column":7}},"40":{"start":{"line":85,"column":6},"end":{"line":87,"column":7}},"41":{"start":{"line":86,"column":8},"end":{"line":86,"column":65}},"42":{"start":{"line":89,"column":6},"end":{"line":95,"column":9}},"43":{"start":{"line":90,"column":8},"end":{"line":92,"column":9}},"44":{"start":{"line":91,"column":10},"end":{"line":91,"column":72}},"45":{"start":{"line":94,"column":8},"end":{"line":94,"column":68}},"46":{"start":{"line":100,"column":0},"end":{"line":130,"column":3}},"47":{"start":{"line":101,"column":2},"end":{"line":101,"column":30}},"48":{"start":{"line":103,"column":2},"end":{"line":103,"column":33}},"49":{"start":{"line":104,"column":2},"end":{"line":129,"column":5}},"50":{"start":{"line":105,"column":4},"end":{"line":107,"column":5}},"51":{"start":{"line":106,"column":6},"end":{"line":106,"column":63}},"52":{"start":{"line":109,"column":4},"end":{"line":109,"column":46}},"53":{"start":{"line":110,"column":4},"end":{"line":112,"column":5}},"54":{"start":{"line":111,"column":6},"end":{"line":111,"column":80}},"55":{"start":{"line":114,"column":4},"end":{"line":114,"column":35}},"56":{"start":{"line":115,"column":4},"end":{"line":128,"column":7}},"57":{"start":{"line":116,"column":6},"end":{"line":118,"column":7}},"58":{"start":{"line":117,"column":8},"end":{"line":117,"column":65}},"59":{"start":{"line":120,"column":6},"end":{"line":120,"column":40}},"60":{"start":{"line":121,"column":6},"end":{"line":127,"column":9}},"61":{"start":{"line":122,"column":8},"end":{"line":124,"column":9}},"62":{"start":{"line":123,"column":10},"end":{"line":123,"column":60}},"63":{"start":{"line":126,"column":8},"end":{"line":126,"column":21}},"64":{"start":{"line":134,"column":0},"end":{"line":134,"column":24}}},"branchMap":{"1":{"line":24,"type":"if","locations":[{"start":{"line":24,"column":6},"end":{"line":24,"column":6}},{"start":{"line":24,"column":6},"end":{"line":24,"column":6}}]},"2":{"line":24,"type":"binary-expr","locations":[{"start":{"line":24,"column":9},"end":{"line":24,"column":12}},{"start":{"line":24,"column":16},"end":{"line":24,"column":21}}]},"3":{"line":41,"type":"if","locations":[{"start":{"line":41,"column":2},"end":{"line":41,"column":2}},{"start":{"line":41,"column":2},"end":{"line":41,"column":2}}]},"4":{"line":46,"type":"if","locations":[{"start":{"line":46,"column":4},"end":{"line":46,"column":4}},{"start":{"line":46,"column":4},"end":{"line":46,"column":4}}]},"5":{"line":46,"type":"binary-expr","locations":[{"start":{"line":46,"column":7},"end":{"line":46,"column":10}},{"start":{"line":46,"column":14},"end":{"line":46,"column":19}}]},"6":{"line":56,"type":"if","locations":[{"start":{"line":56,"column":6},"end":{"line":56,"column":6}},{"start":{"line":56,"column":6},"end":{"line":56,"column":6}}]},"7":{"line":56,"type":"binary-expr","locations":[{"start":{"line":56,"column":9},"end":{"line":56,"column":12}},{"start":{"line":56,"column":16},"end":{"line":56,"column":19}}]},"8":{"line":61,"type":"if","locations":[{"start":{"line":61,"column":8},"end":{"line":61,"column":8}},{"start":{"line":61,"column":8},"end":{"line":61,"column":8}}]},"9":{"line":78,"type":"if","locations":[{"start":{"line":78,"column":4},"end":{"line":78,"column":4}},{"start":{"line":78,"column":4},"end":{"line":78,"column":4}}]},"10":{"line":78,"type":"binary-expr","locations":[{"start":{"line":78,"column":7},"end":{"line":78,"column":10}},{"start":{"line":78,"column":14},"end":{"line":78,"column":19}}]},"11":{"line":85,"type":"if","locations":[{"start":{"line":85,"column":6},"end":{"line":85,"column":6}},{"start":{"line":85,"column":6},"end":{"line":85,"column":6}}]},"12":{"line":85,"type":"binary-expr","locations":[{"start":{"line":85,"column":9},"end":{"line":85,"column":12}},{"start":{"line":85,"column":16},"end":{"line":85,"column":19}}]},"13":{"line":90,"type":"if","locations":[{"start":{"line":90,"column":8},"end":{"line":90,"column":8}},{"start":{"line":90,"column":8},"end":{"line":90,"column":8}}]},"14":{"line":105,"type":"if","locations":[{"start":{"line":105,"column":4},"end":{"line":105,"column":4}},{"start":{"line":105,"column":4},"end":{"line":105,"column":4}}]},"15":{"line":105,"type":"binary-expr","locations":[{"start":{"line":105,"column":7},"end":{"line":105,"column":10}},{"start":{"line":105,"column":14},"end":{"line":105,"column":16}}]},"16":{"line":110,"type":"if","locations":[{"start":{"line":110,"column":4},"end":{"line":110,"column":4}},{"start":{"line":110,"column":4},"end":{"line":110,"column":4}}]},"17":{"line":116,"type":"if","locations":[{"start":{"line":116,"column":6},"end":{"line":116,"column":6}},{"start":{"line":116,"column":6},"end":{"line":116,"column":6}}]},"18":{"line":116,"type":"binary-expr","locations":[{"start":{"line":116,"column":9},"end":{"line":116,"column":12}},{"start":{"line":116,"column":16},"end":{"line":116,"column":21}}]},"19":{"line":122,"type":"if","locations":[{"start":{"line":122,"column":8},"end":{"line":122,"column":8}},{"start":{"line":122,"column":8},"end":{"line":122,"column":8}}]}},"l":{"3":1,"4":1,"7":1,"9":1,"11":1,"13":1,"14":2,"17":2,"20":2,"24":2,"25":1,"29":1,"33":1,"34":3,"37":3,"40":3,"41":3,"42":1,"45":2,"46":2,"47":1,"51":1,"52":1,"53":1,"55":1,"56":1,"57":0,"60":1,"61":1,"62":0,"65":1,"72":1,"73":3,"76":3,"77":3,"78":3,"79":1,"83":2,"84":2,"85":2,"86":1,"89":1,"90":1,"91":0,"94":1,"100":1,"101":4,"103":4,"104":4,"105":4,"106":1,"109":3,"110":3,"111":1,"114":2,"115":2,"116":2,"117":1,"120":1,"121":1,"122":1,"123":0,"126":1,"134":1}},
"/home/abhishek/Workspace/TheToDoProject/ToDoAPI/models/Item.js":{"path":"/home/abhishek/Workspace/TheToDoProject/ToDoAPI/models/Item.js","s":{"1":1,"2":1,"3":1,"4":1},"b":{},"f":{},"fnMap":{},"statementMap":{"1":{"start":{"line":4,"column":0},"end":{"line":4,"column":35}},"2":{"start":{"line":5,"column":0},"end":{"line":5,"column":29}},"3":{"start":{"line":7,"column":0},"end":{"line":26,"column":3}},"4":{"start":{"line":28,"column":0},"end":{"line":28,"column":52}}},"branchMap":{},"l":{"4":1,"5":1,"7":1,"28":1}}}
