{
"/home/abhishek/Workspace/TheToDoProject/ToDoAPI/server.js":{"path":"/home/abhishek/Workspace/TheToDoProject/ToDoAPI/server.js","s":{"1":1,"2":1,"3":1,"4":1,"5":1,"6":1,"7":1,"8":1,"9":1,"10":1,"11":1,"12":1,"13":1,"14":1,"15":1,"16":1,"17":1,"18":1,"19":1,"20":1,"21":1,"22":1,"23":1,"24":1,"25":1},"b":{"1":[1,1]},"f":{"1":1,"2":1,"3":1},"fnMap":{"1":{"name":"startServer","line":37,"loc":{"start":{"line":37,"column":0},"end":{"line":37,"column":23}}},"2":{"name":"(anonymous_2)","line":38,"loc":{"start":{"line":38,"column":35},"end":{"line":38,"column":46}}},"3":{"name":"closeServer","line":43,"loc":{"start":{"line":43,"column":0},"end":{"line":43,"column":23}}}},"statementMap":{"1":{"start":{"line":4,"column":0},"end":{"line":4,"column":33}},"2":{"start":{"line":5,"column":0},"end":{"line":5,"column":35}},"3":{"start":{"line":6,"column":0},"end":{"line":6,"column":41}},"4":{"start":{"line":7,"column":0},"end":{"line":7,"column":40}},"5":{"start":{"line":8,"column":0},"end":{"line":8,"column":31}},"6":{"start":{"line":9,"column":0},"end":{"line":9,"column":39}},"7":{"start":{"line":12,"column":0},"end":{"line":12,"column":33}},"8":{"start":{"line":15,"column":0},"end":{"line":15,"column":60}},"9":{"start":{"line":17,"column":0},"end":{"line":17,"column":20}},"10":{"start":{"line":20,"column":0},"end":{"line":20,"column":23}},"11":{"start":{"line":23,"column":0},"end":{"line":23,"column":27}},"12":{"start":{"line":24,"column":0},"end":{"line":24,"column":51}},"13":{"start":{"line":27,"column":0},"end":{"line":27,"column":23}},"14":{"start":{"line":30,"column":0},"end":{"line":30,"column":23}},"15":{"start":{"line":31,"column":0},"end":{"line":31,"column":22}},"16":{"start":{"line":33,"column":0},"end":{"line":33,"column":34}},"17":{"start":{"line":35,"column":0},"end":{"line":35,"column":11}},"18":{"start":{"line":37,"column":0},"end":{"line":41,"column":1}},"19":{"start":{"line":38,"column":2},"end":{"line":40,"column":5}},"20":{"start":{"line":39,"column":4},"end":{"line":39,"column":47}},"21":{"start":{"line":43,"column":0},"end":{"line":45,"column":1}},"22":{"start":{"line":44,"column":2},"end":{"line":44,"column":17}},"23":{"start":{"line":47,"column":0},"end":{"line":47,"column":25}},"24":{"start":{"line":48,"column":0},"end":{"line":48,"column":41}},"25":{"start":{"line":49,"column":0},"end":{"line":49,"column":41}}},"branchMap":{"1":{"line":15,"type":"binary-expr","locations":[{"start":{"line":15,"column":18},"end":{"line":15,"column":51}},{"start":{"line":15,"column":55},"end":{"line":15,"column":59}}]}},"l":{"4":1,"5":1,"6":1,"7":1,"8":1,"9":1,"12":1,"15":1,"17":1,"20":1,"23":1,"24":1,"27":1,"30":1,"31":1,"33":1,"35":1,"37":1,"38":1,"39":1,"43":1,"44":1,"47":1,"48":1,"49":1}},
"/home/abhishek/Workspace/TheToDoProject/ToDoAPI/routes/index.js":{"path":"/home/abhishek/Workspace/TheToDoProject/ToDoAPI/routes/index.js","s":{"1":1,"2":1,"3":1,"4":1,"5":1,"6":1,"7":2,"8":1,"9":1,"10":1,"11":1},"b":{},"f":{"1":1,"2":2},"fnMap":{"1":{"name":"attach","line":8,"loc":{"start":{"line":8,"column":0},"end":{"line":8,"column":18}}},"2":{"name":"(anonymous_2)","line":11,"loc":{"start":{"line":11,"column":18},"end":{"line":11,"column":37}}}},"statementMap":{"1":{"start":{"line":3,"column":0},"end":{"line":3,"column":33}},"2":{"start":{"line":4,"column":0},"end":{"line":4,"column":39}},"3":{"start":{"line":5,"column":0},"end":{"line":5,"column":39}},"4":{"start":{"line":8,"column":0},"end":{"line":21,"column":1}},"5":{"start":{"line":9,"column":2},"end":{"line":9,"column":32}},"6":{"start":{"line":11,"column":2},"end":{"line":15,"column":5}},"7":{"start":{"line":12,"column":4},"end":{"line":14,"column":7}},"8":{"start":{"line":17,"column":2},"end":{"line":17,"column":40}},"9":{"start":{"line":18,"column":2},"end":{"line":18,"column":40}},"10":{"start":{"line":20,"column":2},"end":{"line":20,"column":16}},"11":{"start":{"line":23,"column":0},"end":{"line":23,"column":24}}},"branchMap":{},"l":{"3":1,"4":1,"5":1,"8":1,"9":1,"11":1,"12":2,"17":1,"18":1,"20":1,"23":1}},
"/home/abhishek/Workspace/TheToDoProject/ToDoAPI/routes/lists.js":{"path":"/home/abhishek/Workspace/TheToDoProject/ToDoAPI/routes/lists.js","s":{"1":1,"2":1,"3":1,"4":1,"5":1,"6":1,"7":2,"8":2,"9":2,"10":0,"11":2,"12":1,"13":3,"14":3,"15":1,"16":2,"17":2,"18":2,"19":2,"20":2,"21":0,"22":2,"23":1,"24":4,"25":4,"26":4,"27":4,"28":1,"29":3,"30":1,"31":2,"32":2,"33":1,"34":3,"35":3,"36":1,"37":2,"38":2,"39":2,"40":2,"41":1,"42":1,"43":1,"44":1,"45":0,"46":1,"47":1,"48":1},"b":{"1":[0,2],"2":[1,2],"3":[0,2],"4":[1,3],"5":[4,4],"6":[1,2],"7":[1,2],"8":[1,1],"9":[2,1],"10":[0,1]},"f":{"1":1,"2":2,"3":2,"4":3,"5":2,"6":4,"7":4,"8":2,"9":3,"10":2,"11":1},"fnMap":{"1":{"name":"attach","line":9,"loc":{"start":{"line":9,"column":0},"end":{"line":9,"column":18}}},"2":{"name":"(anonymous_2)","line":12,"loc":{"start":{"line":12,"column":18},"end":{"line":12,"column":37}}},"3":{"name":"(anonymous_3)","line":16,"loc":{"start":{"line":16,"column":18},"end":{"line":16,"column":39}}},"4":{"name":"(anonymous_4)","line":24,"loc":{"start":{"line":24,"column":19},"end":{"line":24,"column":38}}},"5":{"name":"(anonymous_5)","line":38,"loc":{"start":{"line":38,"column":17},"end":{"line":38,"column":34}}},"6":{"name":"(anonymous_6)","line":47,"loc":{"start":{"line":47,"column":28},"end":{"line":47,"column":47}}},"7":{"name":"(anonymous_7)","line":54,"loc":{"start":{"line":54,"column":26},"end":{"line":54,"column":43}}},"8":{"name":"(anonymous_8)","line":63,"loc":{"start":{"line":63,"column":15},"end":{"line":63,"column":29}}},"9":{"name":"(anonymous_9)","line":69,"loc":{"start":{"line":69,"column":25},"end":{"line":69,"column":44}}},"10":{"name":"(anonymous_10)","line":82,"loc":{"start":{"line":82,"column":26},"end":{"line":82,"column":46}}},"11":{"name":"(anonymous_11)","line":91,"loc":{"start":{"line":91,"column":16},"end":{"line":91,"column":33}}}},"statementMap":{"1":{"start":{"line":3,"column":0},"end":{"line":3,"column":33}},"2":{"start":{"line":4,"column":0},"end":{"line":4,"column":47}},"3":{"start":{"line":7,"column":0},"end":{"line":7,"column":37}},"4":{"start":{"line":9,"column":0},"end":{"line":102,"column":1}},"5":{"start":{"line":10,"column":2},"end":{"line":10,"column":32}},"6":{"start":{"line":12,"column":2},"end":{"line":22,"column":5}},"7":{"start":{"line":13,"column":4},"end":{"line":13,"column":23}},"8":{"start":{"line":16,"column":4},"end":{"line":21,"column":7}},"9":{"start":{"line":17,"column":6},"end":{"line":19,"column":7}},"10":{"start":{"line":18,"column":8},"end":{"line":18,"column":73}},"11":{"start":{"line":20,"column":6},"end":{"line":20,"column":22}},"12":{"start":{"line":24,"column":2},"end":{"line":45,"column":5}},"13":{"start":{"line":25,"column":4},"end":{"line":25,"column":49}},"14":{"start":{"line":28,"column":4},"end":{"line":30,"column":5}},"15":{"start":{"line":29,"column":6},"end":{"line":29,"column":81}},"16":{"start":{"line":31,"column":4},"end":{"line":31,"column":29}},"17":{"start":{"line":34,"column":4},"end":{"line":34,"column":29}},"18":{"start":{"line":35,"column":4},"end":{"line":35,"column":24}},"19":{"start":{"line":38,"column":4},"end":{"line":44,"column":7}},"20":{"start":{"line":39,"column":6},"end":{"line":41,"column":7}},"21":{"start":{"line":40,"column":8},"end":{"line":40,"column":57}},"22":{"start":{"line":43,"column":6},"end":{"line":43,"column":18}},"23":{"start":{"line":47,"column":2},"end":{"line":67,"column":5}},"24":{"start":{"line":48,"column":4},"end":{"line":48,"column":45}},"25":{"start":{"line":51,"column":4},"end":{"line":51,"column":35}},"26":{"start":{"line":54,"column":4},"end":{"line":66,"column":7}},"27":{"start":{"line":55,"column":6},"end":{"line":57,"column":7}},"28":{"start":{"line":56,"column":8},"end":{"line":56,"column":64}},"29":{"start":{"line":59,"column":6},"end":{"line":61,"column":7}},"30":{"start":{"line":60,"column":8},"end":{"line":60,"column":79}},"31":{"start":{"line":63,"column":6},"end":{"line":65,"column":9}},"32":{"start":{"line":64,"column":8},"end":{"line":64,"column":54}},"33":{"start":{"line":69,"column":2},"end":{"line":99,"column":5}},"34":{"start":{"line":70,"column":4},"end":{"line":70,"column":45}},"35":{"start":{"line":73,"column":4},"end":{"line":75,"column":5}},"36":{"start":{"line":74,"column":6},"end":{"line":74,"column":68}},"37":{"start":{"line":76,"column":4},"end":{"line":76,"column":29}},"38":{"start":{"line":79,"column":4},"end":{"line":79,"column":35}},"39":{"start":{"line":82,"column":4},"end":{"line":98,"column":7}},"40":{"start":{"line":83,"column":6},"end":{"line":85,"column":7}},"41":{"start":{"line":84,"column":8},"end":{"line":84,"column":65}},"42":{"start":{"line":88,"column":6},"end":{"line":88,"column":23}},"43":{"start":{"line":91,"column":6},"end":{"line":97,"column":9}},"44":{"start":{"line":92,"column":8},"end":{"line":94,"column":9}},"45":{"start":{"line":93,"column":10},"end":{"line":93,"column":62}},"46":{"start":{"line":96,"column":8},"end":{"line":96,"column":20}},"47":{"start":{"line":101,"column":2},"end":{"line":101,"column":16}},"48":{"start":{"line":104,"column":0},"end":{"line":104,"column":24}}},"branchMap":{"1":{"line":17,"type":"if","locations":[{"start":{"line":17,"column":6},"end":{"line":17,"column":6}},{"start":{"line":17,"column":6},"end":{"line":17,"column":6}}]},"2":{"line":28,"type":"if","locations":[{"start":{"line":28,"column":4},"end":{"line":28,"column":4}},{"start":{"line":28,"column":4},"end":{"line":28,"column":4}}]},"3":{"line":39,"type":"if","locations":[{"start":{"line":39,"column":6},"end":{"line":39,"column":6}},{"start":{"line":39,"column":6},"end":{"line":39,"column":6}}]},"4":{"line":55,"type":"if","locations":[{"start":{"line":55,"column":6},"end":{"line":55,"column":6}},{"start":{"line":55,"column":6},"end":{"line":55,"column":6}}]},"5":{"line":55,"type":"binary-expr","locations":[{"start":{"line":55,"column":9},"end":{"line":55,"column":12}},{"start":{"line":55,"column":16},"end":{"line":55,"column":18}}]},"6":{"line":59,"type":"if","locations":[{"start":{"line":59,"column":6},"end":{"line":59,"column":6}},{"start":{"line":59,"column":6},"end":{"line":59,"column":6}}]},"7":{"line":73,"type":"if","locations":[{"start":{"line":73,"column":4},"end":{"line":73,"column":4}},{"start":{"line":73,"column":4},"end":{"line":73,"column":4}}]},"8":{"line":83,"type":"if","locations":[{"start":{"line":83,"column":6},"end":{"line":83,"column":6}},{"start":{"line":83,"column":6},"end":{"line":83,"column":6}}]},"9":{"line":83,"type":"binary-expr","locations":[{"start":{"line":83,"column":9},"end":{"line":83,"column":12}},{"start":{"line":83,"column":16},"end":{"line":83,"column":21}}]},"10":{"line":92,"type":"if","locations":[{"start":{"line":92,"column":8},"end":{"line":92,"column":8}},{"start":{"line":92,"column":8},"end":{"line":92,"column":8}}]}},"l":{"3":1,"4":1,"7":1,"9":1,"10":1,"12":1,"13":2,"16":2,"17":2,"18":0,"20":2,"24":1,"25":3,"28":3,"29":1,"31":2,"34":2,"35":2,"38":2,"39":2,"40":0,"43":2,"47":1,"48":4,"51":4,"54":4,"55":4,"56":1,"59":3,"60":1,"63":2,"64":2,"69":1,"70":3,"73":3,"74":1,"76":2,"79":2,"82":2,"83":2,"84":1,"88":1,"91":1,"92":1,"93":0,"96":1,"101":1,"104":1}},
"/home/abhishek/Workspace/TheToDoProject/ToDoAPI/models/List.js":{"path":"/home/abhishek/Workspace/TheToDoProject/ToDoAPI/models/List.js","s":{"1":1,"2":1,"3":1,"4":1},"b":{},"f":{},"fnMap":{},"statementMap":{"1":{"start":{"line":4,"column":0},"end":{"line":4,"column":35}},"2":{"start":{"line":5,"column":0},"end":{"line":5,"column":29}},"3":{"start":{"line":7,"column":0},"end":{"line":14,"column":3}},"4":{"start":{"line":16,"column":0},"end":{"line":16,"column":52}}},"branchMap":{},"l":{"4":1,"5":1,"7":1,"16":1}},
"/home/abhishek/Workspace/TheToDoProject/ToDoAPI/routes/items.js":{"path":"/home/abhishek/Workspace/TheToDoProject/ToDoAPI/routes/items.js","s":{"1":1,"2":1,"3":1,"4":1,"5":1,"6":1,"7":1,"8":2,"9":2,"10":2,"11":2,"12":1,"13":1,"14":1,"15":3,"16":3,"17":3,"18":3,"19":1,"20":2,"21":2,"22":1,"23":1,"24":1,"25":1,"26":1,"27":1,"28":0,"29":1,"30":1,"31":0,"32":1,"33":1,"34":3,"35":3,"36":3,"37":3,"38":1,"39":2,"40":2,"41":2,"42":1,"43":1,"44":1,"45":0,"46":1,"47":1,"48":4,"49":4,"50":4,"51":4,"52":1,"53":3,"54":3,"55":1,"56":2,"57":2,"58":2,"59":1,"60":1,"61":1,"62":1,"63":0,"64":1,"65":1,"66":1},"b":{"1":[1,1],"2":[2,1],"3":[1,2],"4":[1,1],"5":[2,1],"6":[0,1],"7":[1,1],"8":[0,1],"9":[1,2],"10":[3,2],"11":[1,1],"12":[2,1],"13":[0,1],"14":[1,3],"15":[4,3],"16":[1,2],"17":[1,1],"18":[2,1],"19":[0,1]},"f":{"1":1,"2":2,"3":2,"4":3,"5":2,"6":1,"7":1,"8":3,"9":3,"10":2,"11":1,"12":4,"13":4,"14":2,"15":1},"fnMap":{"1":{"name":"attach","line":11,"loc":{"start":{"line":11,"column":0},"end":{"line":11,"column":18}}},"2":{"name":"(anonymous_2)","line":14,"loc":{"start":{"line":14,"column":31},"end":{"line":14,"column":50}}},"3":{"name":"(anonymous_3)","line":24,"loc":{"start":{"line":24,"column":13},"end":{"line":24,"column":33}}},"4":{"name":"(anonymous_4)","line":34,"loc":{"start":{"line":34,"column":32},"end":{"line":34,"column":51}}},"5":{"name":"(anonymous_5)","line":46,"loc":{"start":{"line":46,"column":26},"end":{"line":46,"column":46}}},"6":{"name":"(anonymous_6)","line":56,"loc":{"start":{"line":56,"column":19},"end":{"line":56,"column":37}}},"7":{"name":"(anonymous_7)","line":61,"loc":{"start":{"line":61,"column":66},"end":{"line":61,"column":80}}},"8":{"name":"(anonymous_8)","line":73,"loc":{"start":{"line":73,"column":42},"end":{"line":73,"column":61}}},"9":{"name":"(anonymous_9)","line":78,"loc":{"start":{"line":78,"column":26},"end":{"line":78,"column":46}}},"10":{"name":"(anonymous_10)","line":85,"loc":{"start":{"line":85,"column":37},"end":{"line":85,"column":55}}},"11":{"name":"(anonymous_11)","line":90,"loc":{"start":{"line":90,"column":66},"end":{"line":90,"column":80}}},"12":{"name":"(anonymous_12)","line":101,"loc":{"start":{"line":101,"column":39},"end":{"line":101,"column":58}}},"13":{"name":"(anonymous_13)","line":105,"loc":{"start":{"line":105,"column":26},"end":{"line":105,"column":43}}},"14":{"name":"(anonymous_14)","line":116,"loc":{"start":{"line":116,"column":28},"end":{"line":116,"column":48}}},"15":{"name":"(anonymous_15)","line":122,"loc":{"start":{"line":122,"column":18},"end":{"line":122,"column":36}}}},"statementMap":{"1":{"start":{"line":3,"column":0},"end":{"line":3,"column":33}},"2":{"start":{"line":4,"column":0},"end":{"line":4,"column":47}},"3":{"start":{"line":7,"column":0},"end":{"line":7,"column":37}},"4":{"start":{"line":9,"column":0},"end":{"line":9,"column":37}},"5":{"start":{"line":11,"column":0},"end":{"line":133,"column":1}},"6":{"start":{"line":12,"column":2},"end":{"line":12,"column":32}},"7":{"start":{"line":14,"column":2},"end":{"line":32,"column":5}},"8":{"start":{"line":15,"column":4},"end":{"line":15,"column":52}},"9":{"start":{"line":18,"column":4},"end":{"line":18,"column":35}},"10":{"start":{"line":21,"column":4},"end":{"line":31,"column":9}},"11":{"start":{"line":25,"column":8},"end":{"line":27,"column":9}},"12":{"start":{"line":26,"column":10},"end":{"line":26,"column":67}},"13":{"start":{"line":30,"column":8},"end":{"line":30,"column":29}},"14":{"start":{"line":34,"column":2},"end":{"line":71,"column":5}},"15":{"start":{"line":35,"column":4},"end":{"line":35,"column":51}},"16":{"start":{"line":38,"column":4},"end":{"line":38,"column":35}},"17":{"start":{"line":41,"column":4},"end":{"line":41,"column":50}},"18":{"start":{"line":42,"column":4},"end":{"line":44,"column":5}},"19":{"start":{"line":43,"column":6},"end":{"line":43,"column":71}},"20":{"start":{"line":46,"column":4},"end":{"line":70,"column":7}},"21":{"start":{"line":47,"column":6},"end":{"line":49,"column":7}},"22":{"start":{"line":48,"column":8},"end":{"line":48,"column":65}},"23":{"start":{"line":52,"column":6},"end":{"line":52,"column":31}},"24":{"start":{"line":53,"column":6},"end":{"line":53,"column":47}},"25":{"start":{"line":54,"column":6},"end":{"line":54,"column":37}},"26":{"start":{"line":56,"column":6},"end":{"line":68,"column":9}},"27":{"start":{"line":57,"column":8},"end":{"line":59,"column":9}},"28":{"start":{"line":58,"column":10},"end":{"line":58,"column":71}},"29":{"start":{"line":61,"column":8},"end":{"line":67,"column":11}},"30":{"start":{"line":62,"column":10},"end":{"line":64,"column":11}},"31":{"start":{"line":63,"column":12},"end":{"line":63,"column":73}},"32":{"start":{"line":66,"column":10},"end":{"line":66,"column":23}},"33":{"start":{"line":73,"column":2},"end":{"line":99,"column":5}},"34":{"start":{"line":74,"column":4},"end":{"line":74,"column":35}},"35":{"start":{"line":77,"column":4},"end":{"line":77,"column":35}},"36":{"start":{"line":78,"column":4},"end":{"line":98,"column":7}},"37":{"start":{"line":79,"column":6},"end":{"line":81,"column":7}},"38":{"start":{"line":80,"column":8},"end":{"line":80,"column":65}},"39":{"start":{"line":84,"column":6},"end":{"line":84,"column":37}},"40":{"start":{"line":85,"column":6},"end":{"line":97,"column":9}},"41":{"start":{"line":86,"column":8},"end":{"line":88,"column":9}},"42":{"start":{"line":87,"column":10},"end":{"line":87,"column":67}},"43":{"start":{"line":90,"column":8},"end":{"line":96,"column":11}},"44":{"start":{"line":91,"column":10},"end":{"line":93,"column":11}},"45":{"start":{"line":92,"column":12},"end":{"line":92,"column":74}},"46":{"start":{"line":95,"column":10},"end":{"line":95,"column":70}},"47":{"start":{"line":101,"column":2},"end":{"line":131,"column":5}},"48":{"start":{"line":102,"column":4},"end":{"line":102,"column":32}},"49":{"start":{"line":104,"column":4},"end":{"line":104,"column":35}},"50":{"start":{"line":105,"column":4},"end":{"line":130,"column":7}},"51":{"start":{"line":106,"column":6},"end":{"line":108,"column":7}},"52":{"start":{"line":107,"column":8},"end":{"line":107,"column":65}},"53":{"start":{"line":110,"column":6},"end":{"line":110,"column":48}},"54":{"start":{"line":111,"column":6},"end":{"line":113,"column":7}},"55":{"start":{"line":112,"column":8},"end":{"line":112,"column":82}},"56":{"start":{"line":115,"column":6},"end":{"line":115,"column":37}},"57":{"start":{"line":116,"column":6},"end":{"line":129,"column":9}},"58":{"start":{"line":117,"column":8},"end":{"line":119,"column":9}},"59":{"start":{"line":118,"column":10},"end":{"line":118,"column":67}},"60":{"start":{"line":121,"column":8},"end":{"line":121,"column":42}},"61":{"start":{"line":122,"column":8},"end":{"line":128,"column":11}},"62":{"start":{"line":123,"column":10},"end":{"line":125,"column":11}},"63":{"start":{"line":124,"column":12},"end":{"line":124,"column":62}},"64":{"start":{"line":127,"column":10},"end":{"line":127,"column":23}},"65":{"start":{"line":132,"column":2},"end":{"line":132,"column":16}},"66":{"start":{"line":137,"column":0},"end":{"line":137,"column":24}}},"branchMap":{"1":{"line":25,"type":"if","locations":[{"start":{"line":25,"column":8},"end":{"line":25,"column":8}},{"start":{"line":25,"column":8},"end":{"line":25,"column":8}}]},"2":{"line":25,"type":"binary-expr","locations":[{"start":{"line":25,"column":11},"end":{"line":25,"column":14}},{"start":{"line":25,"column":18},"end":{"line":25,"column":23}}]},"3":{"line":42,"type":"if","locations":[{"start":{"line":42,"column":4},"end":{"line":42,"column":4}},{"start":{"line":42,"column":4},"end":{"line":42,"column":4}}]},"4":{"line":47,"type":"if","locations":[{"start":{"line":47,"column":6},"end":{"line":47,"column":6}},{"start":{"line":47,"column":6},"end":{"line":47,"column":6}}]},"5":{"line":47,"type":"binary-expr","locations":[{"start":{"line":47,"column":9},"end":{"line":47,"column":12}},{"start":{"line":47,"column":16},"end":{"line":47,"column":21}}]},"6":{"line":57,"type":"if","locations":[{"start":{"line":57,"column":8},"end":{"line":57,"column":8}},{"start":{"line":57,"column":8},"end":{"line":57,"column":8}}]},"7":{"line":57,"type":"binary-expr","locations":[{"start":{"line":57,"column":11},"end":{"line":57,"column":14}},{"start":{"line":57,"column":18},"end":{"line":57,"column":21}}]},"8":{"line":62,"type":"if","locations":[{"start":{"line":62,"column":10},"end":{"line":62,"column":10}},{"start":{"line":62,"column":10},"end":{"line":62,"column":10}}]},"9":{"line":79,"type":"if","locations":[{"start":{"line":79,"column":6},"end":{"line":79,"column":6}},{"start":{"line":79,"column":6},"end":{"line":79,"column":6}}]},"10":{"line":79,"type":"binary-expr","locations":[{"start":{"line":79,"column":9},"end":{"line":79,"column":12}},{"start":{"line":79,"column":16},"end":{"line":79,"column":21}}]},"11":{"line":86,"type":"if","locations":[{"start":{"line":86,"column":8},"end":{"line":86,"column":8}},{"start":{"line":86,"column":8},"end":{"line":86,"column":8}}]},"12":{"line":86,"type":"binary-expr","locations":[{"start":{"line":86,"column":11},"end":{"line":86,"column":14}},{"start":{"line":86,"column":18},"end":{"line":86,"column":21}}]},"13":{"line":91,"type":"if","locations":[{"start":{"line":91,"column":10},"end":{"line":91,"column":10}},{"start":{"line":91,"column":10},"end":{"line":91,"column":10}}]},"14":{"line":106,"type":"if","locations":[{"start":{"line":106,"column":6},"end":{"line":106,"column":6}},{"start":{"line":106,"column":6},"end":{"line":106,"column":6}}]},"15":{"line":106,"type":"binary-expr","locations":[{"start":{"line":106,"column":9},"end":{"line":106,"column":12}},{"start":{"line":106,"column":16},"end":{"line":106,"column":18}}]},"16":{"line":111,"type":"if","locations":[{"start":{"line":111,"column":6},"end":{"line":111,"column":6}},{"start":{"line":111,"column":6},"end":{"line":111,"column":6}}]},"17":{"line":117,"type":"if","locations":[{"start":{"line":117,"column":8},"end":{"line":117,"column":8}},{"start":{"line":117,"column":8},"end":{"line":117,"column":8}}]},"18":{"line":117,"type":"binary-expr","locations":[{"start":{"line":117,"column":11},"end":{"line":117,"column":14}},{"start":{"line":117,"column":18},"end":{"line":117,"column":23}}]},"19":{"line":123,"type":"if","locations":[{"start":{"line":123,"column":10},"end":{"line":123,"column":10}},{"start":{"line":123,"column":10},"end":{"line":123,"column":10}}]}},"l":{"3":1,"4":1,"7":1,"9":1,"11":1,"12":1,"14":1,"15":2,"18":2,"21":2,"25":2,"26":1,"30":1,"34":1,"35":3,"38":3,"41":3,"42":3,"43":1,"46":2,"47":2,"48":1,"52":1,"53":1,"54":1,"56":1,"57":1,"58":0,"61":1,"62":1,"63":0,"66":1,"73":1,"74":3,"77":3,"78":3,"79":3,"80":1,"84":2,"85":2,"86":2,"87":1,"90":1,"91":1,"92":0,"95":1,"101":1,"102":4,"104":4,"105":4,"106":4,"107":1,"110":3,"111":3,"112":1,"115":2,"116":2,"117":2,"118":1,"121":1,"122":1,"123":1,"124":0,"127":1,"132":1,"137":1}},
"/home/abhishek/Workspace/TheToDoProject/ToDoAPI/models/Item.js":{"path":"/home/abhishek/Workspace/TheToDoProject/ToDoAPI/models/Item.js","s":{"1":1,"2":1,"3":1,"4":1},"b":{},"f":{},"fnMap":{},"statementMap":{"1":{"start":{"line":4,"column":0},"end":{"line":4,"column":35}},"2":{"start":{"line":5,"column":0},"end":{"line":5,"column":29}},"3":{"start":{"line":7,"column":0},"end":{"line":26,"column":3}},"4":{"start":{"line":28,"column":0},"end":{"line":28,"column":52}}},"branchMap":{},"l":{"4":1,"5":1,"7":1,"28":1}}}
