TN:
SF:/home/abhishek/Workspace/TheToDoProject/ToDoAPI/server.js
FN:37,startServer
FN:38,(anonymous_2)
FN:43,closeServer
FNF:3
FNH:3
FNDA:1,startServer
FNDA:1,(anonymous_2)
FNDA:1,closeServer
DA:4,1
DA:5,1
DA:6,1
DA:7,1
DA:8,1
DA:9,1
DA:12,1
DA:15,1
DA:17,1
DA:20,1
DA:23,1
DA:24,1
DA:27,1
DA:30,1
DA:31,1
DA:33,1
DA:35,1
DA:37,1
DA:38,1
DA:39,1
DA:43,1
DA:44,1
DA:47,1
DA:48,1
DA:49,1
LF:25
LH:25
BRDA:15,1,0,1
BRDA:15,1,1,1
BRF:2
BRH:2
end_of_record
TN:
SF:/home/abhishek/Workspace/TheToDoProject/ToDoAPI/routes/index.js
FN:8,attach
FN:11,(anonymous_2)
FNF:2
FNH:2
FNDA:1,attach
FNDA:2,(anonymous_2)
DA:3,1
DA:4,1
DA:5,1
DA:8,1
DA:9,1
DA:11,1
DA:12,2
DA:17,1
DA:18,1
DA:20,1
DA:23,1
LF:11
LH:11
BRF:0
BRH:0
end_of_record
TN:
SF:/home/abhishek/Workspace/TheToDoProject/ToDoAPI/routes/lists.js
FN:9,attach
FN:12,(anonymous_2)
FN:16,(anonymous_3)
FN:24,(anonymous_4)
FN:38,(anonymous_5)
FN:47,(anonymous_6)
FN:54,(anonymous_7)
FN:63,(anonymous_8)
FN:69,(anonymous_9)
FN:82,(anonymous_10)
FN:91,(anonymous_11)
FNF:11
FNH:11
FNDA:1,attach
FNDA:2,(anonymous_2)
FNDA:2,(anonymous_3)
FNDA:3,(anonymous_4)
FNDA:2,(anonymous_5)
FNDA:4,(anonymous_6)
FNDA:4,(anonymous_7)
FNDA:2,(anonymous_8)
FNDA:3,(anonymous_9)
FNDA:2,(anonymous_10)
FNDA:1,(anonymous_11)
DA:3,1
DA:4,1
DA:7,1
DA:9,1
DA:10,1
DA:12,1
DA:13,2
DA:16,2
DA:17,2
DA:18,0
DA:20,2
DA:24,1
DA:25,3
DA:28,3
DA:29,1
DA:31,2
DA:34,2
DA:35,2
DA:38,2
DA:39,2
DA:40,0
DA:43,2
DA:47,1
DA:48,4
DA:51,4
DA:54,4
DA:55,4
DA:56,1
DA:59,3
DA:60,1
DA:63,2
DA:64,2
DA:69,1
DA:70,3
DA:73,3
DA:74,1
DA:76,2
DA:79,2
DA:82,2
DA:83,2
DA:84,1
DA:88,1
DA:91,1
DA:92,1
DA:93,0
DA:96,1
DA:101,1
DA:104,1
LF:48
LH:45
BRDA:17,1,0,0
BRDA:17,1,1,2
BRDA:28,2,0,1
BRDA:28,2,1,2
BRDA:39,3,0,0
BRDA:39,3,1,2
BRDA:55,4,0,1
BRDA:55,4,1,3
BRDA:55,5,0,4
BRDA:55,5,1,4
BRDA:59,6,0,1
BRDA:59,6,1,2
BRDA:73,7,0,1
BRDA:73,7,1,2
BRDA:83,8,0,1
BRDA:83,8,1,1
BRDA:83,9,0,2
BRDA:83,9,1,1
BRDA:92,10,0,0
BRDA:92,10,1,1
BRF:20
BRH:17
end_of_record
TN:
SF:/home/abhishek/Workspace/TheToDoProject/ToDoAPI/models/List.js
FNF:0
FNH:0
DA:4,1
DA:5,1
DA:7,1
DA:16,1
LF:4
LH:4
BRF:0
BRH:0
end_of_record
TN:
SF:/home/abhishek/Workspace/TheToDoProject/ToDoAPI/routes/items.js
FN:11,attach
FN:14,(anonymous_2)
FN:24,(anonymous_3)
FN:34,(anonymous_4)
FN:46,(anonymous_5)
FN:56,(anonymous_6)
FN:61,(anonymous_7)
FN:73,(anonymous_8)
FN:78,(anonymous_9)
FN:85,(anonymous_10)
FN:90,(anonymous_11)
FN:101,(anonymous_12)
FN:105,(anonymous_13)
FN:116,(anonymous_14)
FN:122,(anonymous_15)
FNF:15
FNH:15
FNDA:1,attach
FNDA:2,(anonymous_2)
FNDA:2,(anonymous_3)
FNDA:3,(anonymous_4)
FNDA:2,(anonymous_5)
FNDA:1,(anonymous_6)
FNDA:1,(anonymous_7)
FNDA:3,(anonymous_8)
FNDA:3,(anonymous_9)
FNDA:2,(anonymous_10)
FNDA:1,(anonymous_11)
FNDA:4,(anonymous_12)
FNDA:4,(anonymous_13)
FNDA:2,(anonymous_14)
FNDA:1,(anonymous_15)
DA:3,1
DA:4,1
DA:7,1
DA:9,1
DA:11,1
DA:12,1
DA:14,1
DA:15,2
DA:18,2
DA:21,2
DA:25,2
DA:26,1
DA:30,1
DA:34,1
DA:35,3
DA:38,3
DA:41,3
DA:42,3
DA:43,1
DA:46,2
DA:47,2
DA:48,1
DA:52,1
DA:53,1
DA:54,1
DA:56,1
DA:57,1
DA:58,0
DA:61,1
DA:62,1
DA:63,0
DA:66,1
DA:73,1
DA:74,3
DA:77,3
DA:78,3
DA:79,3
DA:80,1
DA:84,2
DA:85,2
DA:86,2
DA:87,1
DA:90,1
DA:91,1
DA:92,0
DA:95,1
DA:101,1
DA:102,4
DA:104,4
DA:105,4
DA:106,4
DA:107,1
DA:110,3
DA:111,3
DA:112,1
DA:115,2
DA:116,2
DA:117,2
DA:118,1
DA:121,1
DA:122,1
DA:123,1
DA:124,0
DA:127,1
DA:132,1
DA:137,1
LF:66
LH:62
BRDA:25,1,0,1
BRDA:25,1,1,1
BRDA:25,2,0,2
BRDA:25,2,1,1
BRDA:42,3,0,1
BRDA:42,3,1,2
BRDA:47,4,0,1
BRDA:47,4,1,1
BRDA:47,5,0,2
BRDA:47,5,1,1
BRDA:57,6,0,0
BRDA:57,6,1,1
BRDA:57,7,0,1
BRDA:57,7,1,1
BRDA:62,8,0,0
BRDA:62,8,1,1
BRDA:79,9,0,1
BRDA:79,9,1,2
BRDA:79,10,0,3
BRDA:79,10,1,2
BRDA:86,11,0,1
BRDA:86,11,1,1
BRDA:86,12,0,2
BRDA:86,12,1,1
BRDA:91,13,0,0
BRDA:91,13,1,1
BRDA:106,14,0,1
BRDA:106,14,1,3
BRDA:106,15,0,4
BRDA:106,15,1,3
BRDA:111,16,0,1
BRDA:111,16,1,2
BRDA:117,17,0,1
BRDA:117,17,1,1
BRDA:117,18,0,2
BRDA:117,18,1,1
BRDA:123,19,0,0
BRDA:123,19,1,1
BRF:38
BRH:34
end_of_record
TN:
SF:/home/abhishek/Workspace/TheToDoProject/ToDoAPI/models/Item.js
FNF:0
FNH:0
DA:4,1
DA:5,1
DA:7,1
DA:28,1
LF:4
LH:4
BRF:0
BRH:0
end_of_record
