TN:
SF:/home/abhishek/Workspace/TheToDoProject/ToDoAPI/index.js
FN:21,(anonymous_1)
FN:25,(anonymous_2)
FNF:2
FNH:1
FNDA:0,(anonymous_1)
FNDA:1,(anonymous_2)
DA:4,1
DA:5,1
DA:6,1
DA:7,1
DA:8,1
DA:9,1
DA:12,1
DA:15,1
DA:16,1
DA:19,1
DA:21,1
DA:22,0
DA:25,1
DA:26,1
DA:29,1
DA:32,1
DA:35,1
DA:36,1
DA:39,1
DA:42,1
DA:43,1
DA:45,1
DA:51,1
LF:23
LH:22
BRDA:15,1,0,1
BRDA:15,1,1,1
BRDA:16,2,0,1
BRDA:16,2,1,1
BRF:4
BRH:4
end_of_record
TN:
SF:/home/abhishek/Workspace/TheToDoProject/ToDoAPI/routes/index.js
FN:9,(anonymous_1)
FNF:1
FNH:1
FNDA:1,(anonymous_1)
DA:3,1
DA:4,1
DA:5,1
DA:7,1
DA:9,1
DA:10,1
DA:15,1
DA:16,1
DA:18,1
LF:9
LH:9
BRF:0
BRH:0
end_of_record
TN:
SF:/home/abhishek/Workspace/TheToDoProject/ToDoAPI/routes/lists.js
FN:11,(anonymous_1)
FN:15,(anonymous_2)
FN:23,(anonymous_3)
FN:37,(anonymous_4)
FN:46,(anonymous_5)
FN:53,(anonymous_6)
FN:62,(anonymous_7)
FN:68,(anonymous_8)
FN:81,(anonymous_9)
FN:90,(anonymous_10)
FNF:10
FNH:10
FNDA:2,(anonymous_1)
FNDA:2,(anonymous_2)
FNDA:3,(anonymous_3)
FNDA:2,(anonymous_4)
FNDA:4,(anonymous_5)
FNDA:4,(anonymous_6)
FNDA:2,(anonymous_7)
FNDA:3,(anonymous_8)
FNDA:2,(anonymous_9)
FNDA:1,(anonymous_10)
DA:3,1
DA:4,1
DA:7,1
DA:9,1
DA:11,1
DA:12,2
DA:15,2
DA:16,2
DA:17,0
DA:19,2
DA:23,1
DA:24,3
DA:27,3
DA:28,1
DA:30,2
DA:33,2
DA:34,2
DA:37,2
DA:38,2
DA:39,0
DA:42,2
DA:46,1
DA:47,4
DA:50,4
DA:53,4
DA:54,4
DA:55,1
DA:58,3
DA:59,1
DA:62,2
DA:63,2
DA:68,1
DA:69,3
DA:72,3
DA:73,1
DA:75,2
DA:78,2
DA:81,2
DA:82,2
DA:83,1
DA:87,1
DA:90,1
DA:91,1
DA:92,0
DA:95,1
DA:100,1
LF:46
LH:43
BRDA:16,1,0,0
BRDA:16,1,1,2
BRDA:27,2,0,1
BRDA:27,2,1,2
BRDA:38,3,0,0
BRDA:38,3,1,2
BRDA:54,4,0,1
BRDA:54,4,1,3
BRDA:54,5,0,4
BRDA:54,5,1,4
BRDA:58,6,0,1
BRDA:58,6,1,2
BRDA:72,7,0,1
BRDA:72,7,1,2
BRDA:82,8,0,1
BRDA:82,8,1,1
BRDA:82,9,0,2
BRDA:82,9,1,1
BRDA:91,10,0,0
BRDA:91,10,1,1
BRF:20
BRH:17
end_of_record
TN:
SF:/home/abhishek/Workspace/TheToDoProject/ToDoAPI/models/List.js
FNF:0
FNH:0
DA:4,1
DA:5,1
DA:7,1
DA:16,1
LF:4
LH:4
BRF:0
BRH:0
end_of_record
TN:
SF:/home/abhishek/Workspace/TheToDoProject/ToDoAPI/routes/items.js
FN:13,(anonymous_1)
FN:23,(anonymous_2)
FN:33,(anonymous_3)
FN:45,(anonymous_4)
FN:55,(anonymous_5)
FN:60,(anonymous_6)
FN:72,(anonymous_7)
FN:77,(anonymous_8)
FN:84,(anonymous_9)
FN:89,(anonymous_10)
FN:100,(anonymous_11)
FN:104,(anonymous_12)
FN:115,(anonymous_13)
FN:121,(anonymous_14)
FNF:14
FNH:14
FNDA:2,(anonymous_1)
FNDA:2,(anonymous_2)
FNDA:3,(anonymous_3)
FNDA:2,(anonymous_4)
FNDA:1,(anonymous_5)
FNDA:1,(anonymous_6)
FNDA:3,(anonymous_7)
FNDA:3,(anonymous_8)
FNDA:2,(anonymous_9)
FNDA:1,(anonymous_10)
FNDA:4,(anonymous_11)
FNDA:4,(anonymous_12)
FNDA:2,(anonymous_13)
FNDA:1,(anonymous_14)
DA:3,1
DA:4,1
DA:7,1
DA:9,1
DA:11,1
DA:13,1
DA:14,2
DA:17,2
DA:20,2
DA:24,2
DA:25,1
DA:29,1
DA:33,1
DA:34,3
DA:37,3
DA:40,3
DA:41,3
DA:42,1
DA:45,2
DA:46,2
DA:47,1
DA:51,1
DA:52,1
DA:53,1
DA:55,1
DA:56,1
DA:57,0
DA:60,1
DA:61,1
DA:62,0
DA:65,1
DA:72,1
DA:73,3
DA:76,3
DA:77,3
DA:78,3
DA:79,1
DA:83,2
DA:84,2
DA:85,2
DA:86,1
DA:89,1
DA:90,1
DA:91,0
DA:94,1
DA:100,1
DA:101,4
DA:103,4
DA:104,4
DA:105,4
DA:106,1
DA:109,3
DA:110,3
DA:111,1
DA:114,2
DA:115,2
DA:116,2
DA:117,1
DA:120,1
DA:121,1
DA:122,1
DA:123,0
DA:126,1
DA:134,1
LF:64
LH:60
BRDA:24,1,0,1
BRDA:24,1,1,1
BRDA:24,2,0,2
BRDA:24,2,1,1
BRDA:41,3,0,1
BRDA:41,3,1,2
BRDA:46,4,0,1
BRDA:46,4,1,1
BRDA:46,5,0,2
BRDA:46,5,1,1
BRDA:56,6,0,0
BRDA:56,6,1,1
BRDA:56,7,0,1
BRDA:56,7,1,1
BRDA:61,8,0,0
BRDA:61,8,1,1
BRDA:78,9,0,1
BRDA:78,9,1,2
BRDA:78,10,0,3
BRDA:78,10,1,2
BRDA:85,11,0,1
BRDA:85,11,1,1
BRDA:85,12,0,2
BRDA:85,12,1,1
BRDA:90,13,0,0
BRDA:90,13,1,1
BRDA:105,14,0,1
BRDA:105,14,1,3
BRDA:105,15,0,4
BRDA:105,15,1,3
BRDA:110,16,0,1
BRDA:110,16,1,2
BRDA:116,17,0,1
BRDA:116,17,1,1
BRDA:116,18,0,2
BRDA:116,18,1,1
BRDA:122,19,0,0
BRDA:122,19,1,1
BRF:38
BRH:34
end_of_record
TN:
SF:/home/abhishek/Workspace/TheToDoProject/ToDoAPI/models/Item.js
FNF:0
FNH:0
DA:4,1
DA:5,1
DA:7,1
DA:28,1
LF:4
LH:4
BRF:0
BRH:0
end_of_record
